<?xml version="1.0" encoding="UTF-8"?>
<!-- Generated by org.testng.reporters.JUnitReportReporter -->
<testsuite hostname="DESKTOP-41QBBKI" failures="0" tests="1" name="testscripts.Test1" time="6.539" errors="0" timestamp="2024-01-03T13:26:16 IST" skipped="0">
  <testcase classname="testscripts.Test1" name="login" time="6.539"/>
  <system-out/>
</testsuite> <!-- testscripts.Test1 -->
