<?xml version="1.0" encoding="UTF-8"?>
<!-- Generated by org.testng.reporters.JUnitReportReporter -->
<testsuite hostname="DESKTOP-41QBBKI" failures="0" tests="1" name="testscripts.Test2" time="6.071" errors="0" timestamp="2024-01-03T13:12:46 IST" skipped="0">
  <testcase classname="testscripts.Test2" name="loginwithinvalid" time="6.071"/>
  <system-out/>
</testsuite> <!-- testscripts.Test2 -->
